\BOOKMARK [0][]{chapter.1}{\376\377\0001\000\040\147\011\162\266\140\001\166\204\155\101\137\017\131\004\164\006}{}% 1
\BOOKMARK [1][]{section.1.1}{\376\377\0001\000.\0001\000\040\117\040\176\337\145\160\143\156\131\004\164\006\147\266\147\204}{chapter.1}% 2
\BOOKMARK [2][]{subsection.1.1.1}{\376\377\0001\000.\0001\000.\0001\000\040\116\213\122\241\131\004\164\006}{section.1.1}% 3
\BOOKMARK [2][]{subsection.1.1.2}{\376\377\0001\000.\0001\000.\0002\000\040\122\006\147\220\131\004\164\006}{section.1.1}% 4
\BOOKMARK [1][]{section.1.2}{\376\377\0001\000.\0002\000\040\147\011\162\266\140\001\166\204\155\101\137\017\131\004\164\006}{chapter.1}% 5
\BOOKMARK [2][]{subsection.1.2.1}{\376\377\0001\000.\0002\000.\0001\000\040\116\213\116\366\232\161\122\250\136\224\165\050\172\013\136\217}{section.1.2}% 6
\BOOKMARK [2][]{subsection.1.2.2}{\376\377\0001\000.\0002\000.\0002\000\040\145\160\143\156\173\241\220\123}{section.1.2}% 7
\BOOKMARK [2][]{subsection.1.2.3}{\376\377\0001\000.\0002\000.\0003\000\040\155\101\122\006\147\220}{section.1.2}% 8
\BOOKMARK [1][]{section.1.3}{\376\377\0001\000.\0003\000\040\137\000\156\220\155\101\131\004\164\006\166\204\157\024\217\333}{chapter.1}% 9
\BOOKMARK [1][]{section.1.4}{\376\377\0001\000.\0004\000\040\000F\000l\000i\000n\000k\173\200\116\313}{chapter.1}% 10
\BOOKMARK [1][]{section.1.5}{\376\377\0001\000.\0005\000\040\177\026\121\231\173\054\116\000\116\052\000F\000l\000i\000n\000k\172\013\136\217}{chapter.1}% 11
\BOOKMARK [2][]{subsection.1.5.1}{\376\377\0001\000.\0005\000.\0001\000\040\127\050\000I\000D\000E\000A\116\055\177\026\121\231\000F\000l\000i\000n\000k\172\013\136\217}{section.1.5}% 12
\BOOKMARK [2][]{subsection.1.5.2}{\376\377\0001\000.\0005\000.\0002\000\040\116\013\217\175\000F\000l\000i\000n\000k\217\320\210\114\145\366\163\257\130\203\377\014\143\320\116\244\000J\000a\000r\123\005\166\204\217\320\210\114\145\271\137\017}{section.1.5}% 13
\BOOKMARK [0][]{chapter.2}{\376\377\0002\000\040\155\101\131\004\164\006\127\372\170\100}{}% 14
\BOOKMARK [1][]{section.2.1}{\376\377\0002\000.\0001\000\040\145\160\143\156\155\101\177\026\172\013}{chapter.2}% 15
\BOOKMARK [2][]{subsection.2.1.1}{\376\377\0002\000.\0001\000.\0001\000\040\145\160\143\156\155\101\126\376}{section.2.1}% 16
\BOOKMARK [2][]{subsection.2.1.2}{\376\377\0002\000.\0001\000.\0002\000\040\145\160\143\156\136\166\210\114\124\214\116\373\122\241\136\166\210\114}{section.2.1}% 17
\BOOKMARK [2][]{subsection.2.1.3}{\376\377\0002\000.\0001\000.\0003\000\040\145\160\143\156\116\244\143\142\173\126\165\145}{section.2.1}% 18
\BOOKMARK [1][]{section.2.2}{\376\377\0002\000.\0002\000\040\136\166\210\114\131\004\164\006\155\101\145\160\143\156}{chapter.2}% 19
\BOOKMARK [2][]{subsection.2.2.1}{\376\377\0002\000.\0002\000.\0001\000\040\136\366\217\337\124\214\124\036\124\020\221\317}{section.2.2}% 20
\BOOKMARK [2][]{subsection.2.2.2}{\376\377\0002\000.\0002\000.\0002\000\040\136\366\217\337}{section.2.2}% 21
\BOOKMARK [2][]{subsection.2.2.3}{\376\377\0002\000.\0002\000.\0003\000\040\124\036\124\020\221\317}{section.2.2}% 22
\BOOKMARK [2][]{subsection.2.2.4}{\376\377\0002\000.\0002\000.\0004\000\040\136\366\217\337\116\016\124\036\124\020\221\317\166\204\133\371\153\324}{section.2.2}% 23
\BOOKMARK [1][]{section.2.3}{\376\377\0002\000.\0003\000\040\145\160\143\156\155\101\116\012\166\204\144\315\117\134}{chapter.2}% 24
\BOOKMARK [2][]{subsection.2.3.1}{\376\377\0002\000.\0003\000.\0001\000\040\145\160\143\156\144\104\121\145\124\214\145\160\143\156\124\036\124\020\221\317}{section.2.3}% 25
\BOOKMARK [2][]{subsection.2.3.2}{\376\377\0002\000.\0003\000.\0002\000\040\217\154\143\142\173\227\133\120}{section.2.3}% 26
\BOOKMARK [2][]{subsection.2.3.3}{\376\377\0002\000.\0003\000.\0003\000\040\156\332\122\250\200\132\124\010}{section.2.3}% 27
\BOOKMARK [2][]{subsection.2.3.4}{\376\377\0002\000.\0003\000.\0004\000\040\172\227\123\343\144\315\117\134\173\046}{section.2.3}% 28
\BOOKMARK [1][]{section.2.4}{\376\377\0002\000.\0004\000\040\145\366\225\364\213\355\116\111}{chapter.2}% 29
\BOOKMARK [2][]{subsection.2.4.1}{\376\377\0002\000.\0004\000.\0001\000\040\127\050\155\101\131\004\164\006\116\055\116\000\122\006\224\237\116\343\210\150\116\300\116\110\377\037}{section.2.4}% 30
\BOOKMARK [2][]{subsection.2.4.2}{\376\377\0002\000.\0004\000.\0002\000\040\131\004\164\006\145\366\225\364}{section.2.4}% 31
\BOOKMARK [2][]{subsection.2.4.3}{\376\377\0002\000.\0004\000.\0003\000\040\116\213\116\366\145\366\225\364}{section.2.4}% 32
\BOOKMARK [2][]{subsection.2.4.4}{\376\377\0002\000.\0004\000.\0004\000\040\154\064\117\115\176\277}{section.2.4}% 33
\BOOKMARK [2][]{subsection.2.4.5}{\376\377\0002\000.\0004\000.\0005\000\040\131\004\164\006\145\366\225\364\124\214\116\213\116\366\145\366\225\364}{section.2.4}% 34
\BOOKMARK [1][]{section.2.5}{\376\377\0002\000.\0005\000\040\162\266\140\001\124\214\143\001\116\105\123\026\152\041\127\213}{chapter.2}% 35
\BOOKMARK [2][]{subsection.2.5.1}{\376\377\0002\000.\0005\000.\0001\000\040\116\373\122\241\131\061\215\045}{section.2.5}% 36
\BOOKMARK [0][]{chapter.3}{\376\377\0003\000\040\000F\000l\000i\000n\000k\217\320\210\114\147\266\147\204}{}% 37
\BOOKMARK [1][]{section.3.1}{\376\377\0003\000.\0001\000\040\174\373\176\337\147\266\147\204}{chapter.3}% 38
\BOOKMARK [2][]{subsection.3.1.1}{\376\377\0003\000.\0001\000.\0001\000\040\000F\000l\000i\000n\000k\217\320\210\114\145\366\176\304\116\366}{section.3.1}% 39
\BOOKMARK [2][]{subsection.3.1.2}{\376\377\0003\000.\0001\000.\0002\000\040\136\224\165\050\220\350\177\162}{section.3.1}% 40
\BOOKMARK [2][]{subsection.3.1.3}{\376\377\0003\000.\0001\000.\0003\000\040\116\373\122\241\142\147\210\114}{section.3.1}% 41
\BOOKMARK [2][]{subsection.3.1.4}{\376\377\0003\000.\0001\000.\0004\000\040\232\330\123\357\165\050\221\115\177\156}{section.3.1}% 42
\BOOKMARK [1][]{section.3.2}{\376\377\0003\000.\0002\000\040\000F\000l\000i\000n\000k\116\055\166\204\145\160\143\156\117\040\217\223}{chapter.3}% 43
\BOOKMARK [2][]{subsection.3.2.1}{\376\377\0003\000.\0002\000.\0001\000\040\127\372\116\216\117\341\116\373\136\246\166\204\155\101\143\247\122\066}{section.3.2}% 44
\BOOKMARK [2][]{subsection.3.2.2}{\376\377\0003\000.\0002\000.\0002\000\040\116\373\122\241\224\376}{section.3.2}% 45
\BOOKMARK [1][]{section.3.3}{\376\377\0003\000.\0003\000\040\116\213\116\366\145\366\225\364\131\004\164\006}{chapter.3}% 46
\BOOKMARK [2][]{subsection.3.3.1}{\376\377\0003\000.\0003\000.\0001\000\040\145\366\225\364\142\063}{section.3.3}% 47
\BOOKMARK [2][]{subsection.3.3.2}{\376\377\0003\000.\0003\000.\0002\000\040\154\064\117\115\176\277}{section.3.3}% 48
\BOOKMARK [2][]{subsection.3.3.3}{\376\377\0003\000.\0003\000.\0003\000\040\000w\000a\000t\000e\000r\000m\000a\000r\000k\166\204\117\040\220\022\124\214\116\213\116\366\145\366\225\364}{section.3.3}% 49
\BOOKMARK [2][]{subsection.3.3.4}{\376\377\0003\000.\0003\000.\0004\000\040\145\366\225\364\142\063\166\204\122\006\221\115\124\214\154\064\117\115\176\277\166\204\116\247\165\037}{section.3.3}% 50
\BOOKMARK [1][]{section.3.4}{\376\377\0003\000.\0004\000\040\162\266\140\001\173\241\164\006}{chapter.3}% 51
\BOOKMARK [2][]{subsection.3.4.1}{\376\377\0003\000.\0004\000.\0001\000\040\173\227\133\120\162\266\140\001}{section.3.4}% 52
\BOOKMARK [2][]{subsection.3.4.2}{\376\377\0003\000.\0004\000.\0002\000\040\225\056\143\247\162\266\140\001}{section.3.4}% 53
\BOOKMARK [2][]{subsection.3.4.3}{\376\377\0003\000.\0004\000.\0003\000\040\162\266\140\001\124\016\172\357}{section.3.4}% 54
\BOOKMARK [2][]{subsection.3.4.4}{\376\377\0003\000.\0004\000.\0004\000\040\214\003\145\164\147\011\162\266\140\001\173\227\133\120\166\204\136\166\210\114\136\246}{section.3.4}% 55
\BOOKMARK [1][]{section.3.5}{\376\377\0003\000.\0005\000\040\150\300\147\345\160\271\377\014\117\335\133\130\160\271\124\214\162\266\140\001\140\142\131\015}{chapter.3}% 56
\BOOKMARK [2][]{subsection.3.5.1}{\376\377\0003\000.\0005\000.\0001\000\040\116\000\201\364\166\204\150\300\147\345\160\271}{section.3.5}% 57
\BOOKMARK [2][]{subsection.3.5.2}{\376\377\0003\000.\0005\000.\0002\000\040\116\316\116\000\201\364\150\300\147\345\160\271\116\055\140\142\131\015\162\266\140\001}{section.3.5}% 58
\BOOKMARK [2][]{subsection.3.5.3}{\376\377\0003\000.\0005\000.\0003\000\040\000F\000l\000i\000n\000k\166\204\150\300\147\345\160\271\173\227\154\325}{section.3.5}% 59
\BOOKMARK [2][]{subsection.3.5.4}{\376\377\0003\000.\0005\000.\0004\000\040\150\300\147\345\160\271\166\204\140\047\200\375\137\161\124\315}{section.3.5}% 60
\BOOKMARK [2][]{subsection.3.5.5}{\376\377\0003\000.\0005\000.\0005\000\040\117\335\133\130\160\271}{section.3.5}% 61
\BOOKMARK [0][]{chapter.4}{\376\377\0004\000\040\000F\000l\000i\000n\000k\000\040\000D\000a\000t\000a\000S\000t\000r\000e\000a\000m\000\040\000A\000P\000I}{}% 62
\BOOKMARK [1][]{section.4.1}{\376\377\0004\000.\0001\000\040\213\373\123\326\145\160\143\156\156\220}{chapter.4}% 63
\BOOKMARK [2][]{subsection.4.1.1}{\376\377\0004\000.\0001\000.\0001\000\040\133\232\116\111\000P\000O\000J\000O\174\173}{section.4.1}% 64
\BOOKMARK [2][]{subsection.4.1.2}{\376\377\0004\000.\0001\000.\0002\000\040\116\316\226\306\124\010\116\055\213\373\123\326}{section.4.1}% 65
\BOOKMARK [2][]{subsection.4.1.3}{\376\377\0004\000.\0001\000.\0003\000\040\116\316\145\207\116\366\116\055\213\373\123\326}{section.4.1}% 66
\BOOKMARK [2][]{subsection.4.1.4}{\376\377\0004\000.\0001\000.\0004\000\040\116\316\000s\000o\000c\000k\000e\000t\213\373\123\326}{section.4.1}% 67
\BOOKMARK [2][]{subsection.4.1.5}{\376\377\0004\000.\0001\000.\0005\000\040\116\316\000K\000a\000f\000k\000a\213\373\123\326}{section.4.1}% 68
\BOOKMARK [2][]{subsection.4.1.6}{\376\377\0004\000.\0001\000.\0006\000\040\201\352\133\232\116\111\145\160\143\156\156\220\213\373\123\326}{section.4.1}% 69
\BOOKMARK [1][]{section.4.2}{\376\377\0004\000.\0002\000\040\127\372\147\054\217\154\143\142\173\227\133\120\166\204\117\177\165\050}{chapter.4}% 70
\BOOKMARK [2][]{subsection.4.2.1}{\376\377\0004\000.\0002\000.\0001\000\040\000M\000A\000P}{section.4.2}% 71
\BOOKMARK [2][]{subsection.4.2.2}{\376\377\0004\000.\0002\000.\0002\000\040\000F\000I\000L\000T\000E\000R}{section.4.2}% 72
\BOOKMARK [2][]{subsection.4.2.3}{\376\377\0004\000.\0002\000.\0003\000\040\000F\000L\000A\000T\000M\000A\000P}{section.4.2}% 73
\BOOKMARK [1][]{section.4.3}{\376\377\0004\000.\0003\000\040\225\056\143\247\155\101\217\154\143\142\173\227\133\120}{chapter.4}% 74
\BOOKMARK [1][]{section.4.4}{\376\377\0004\000.\0004\000\040\122\006\136\003\137\017\217\154\143\142\173\227\133\120}{chapter.4}% 75
\BOOKMARK [1][]{section.4.5}{\376\377\0004\000.\0005\000\040\213\276\177\156\136\166\210\114\136\246}{chapter.4}% 76
\BOOKMARK [1][]{section.4.6}{\376\377\0004\000.\0006\000\040\000F\000l\000i\000n\000k\166\204\174\173\127\213\174\373\176\337}{chapter.4}% 77
\BOOKMARK [2][]{subsection.4.6.1}{\376\377\0004\000.\0006\000.\0001\000\040\145\057\143\001\166\204\145\160\143\156\174\173\127\213}{section.4.6}% 78
\BOOKMARK [2][]{subsection.4.6.2}{\376\377\0004\000.\0006\000.\0002\000\040\116\072\145\160\143\156\174\173\127\213\122\033\136\372\174\173\127\213\117\341\140\157}{section.4.6}% 79
\BOOKMARK [2][]{subsection.4.6.3}{\376\377\0004\000.\0006\000.\0003\000\040\000J\000a\000v\000a\000\040\000L\000a\000m\000b\000d\000a\210\150\217\276\137\017}{section.4.6}% 80
\BOOKMARK [1][]{section.4.7}{\376\377\0004\000.\0007\000\040\133\314\121\375\145\160}{chapter.4}% 81
\BOOKMARK [1][]{section.4.8}{\376\377\0004\000.\0008\000\040\121\231\121\145\116\013\156\070\213\276\131\007}{chapter.4}% 82
\BOOKMARK [2][]{subsection.4.8.1}{\376\377\0004\000.\0008\000.\0001\000\040\121\231\121\145\145\207\116\366}{section.4.8}% 83
\BOOKMARK [2][]{subsection.4.8.2}{\376\377\0004\000.\0008\000.\0002\000\040\121\231\121\145\000K\000a\000f\000k\000a}{section.4.8}% 84
\BOOKMARK [2][]{subsection.4.8.3}{\376\377\0004\000.\0008\000.\0003\000\040\121\231\121\145\000R\000e\000d\000i\000s}{section.4.8}% 85
\BOOKMARK [2][]{subsection.4.8.4}{\376\377\0004\000.\0008\000.\0004\000\040\121\231\121\145\000E\000l\000a\000s\000t\000i\000c\000S\000e\000a\000r\000c\000h}{section.4.8}% 86
\BOOKMARK [2][]{subsection.4.8.5}{\376\377\0004\000.\0008\000.\0005\000\040\121\231\121\145\000M\000y\000S\000Q\000L}{section.4.8}% 87
\BOOKMARK [2][]{subsection.4.8.6}{\376\377\0004\000.\0008\000.\0006\000\040\201\352\133\232\116\111\000S\000I\000N\000K}{section.4.8}% 88
\BOOKMARK [0][]{chapter.5}{\376\377\0005\000\040\127\372\116\216\145\366\225\364\124\214\172\227\123\343\166\204\144\315\117\134\173\046}{}% 89
\BOOKMARK [1][]{section.5.1}{\376\377\0005\000.\0001\000\040\154\064\117\115\176\277\166\204\213\276\133\232}{chapter.5}% 90
\BOOKMARK [2][]{subsection.5.1.1}{\376\377\0005\000.\0001\000.\0001\000\040\154\064\117\115\176\277\166\204\116\000\202\054\213\276\177\156\145\271\150\110}{section.5.1}% 91
\BOOKMARK [2][]{subsection.5.1.2}{\376\377\0005\000.\0001\000.\0002\000\040\201\352\133\232\116\111\154\064\117\115\176\277\166\204\116\247\165\037\220\073\217\221}{section.5.1}% 92
\BOOKMARK [2][]{subsection.5.1.3}{\376\377\0005\000.\0001\000.\0003\000\040\154\064\117\115\176\277\140\073\176\323}{section.5.1}% 93
\BOOKMARK [1][]{section.5.2}{\376\377\0005\000.\0002\000\040\213\276\177\156\145\366\225\364\134\136\140\047}{chapter.5}% 94
\BOOKMARK [2][]{subsection.5.2.1}{\376\377\0005\000.\0002\000.\0001\000\040\131\004\164\006\145\366\225\364\213\276\133\232}{section.5.2}% 95
\BOOKMARK [2][]{subsection.5.2.2}{\376\377\0005\000.\0002\000.\0002\000\040\116\213\116\366\145\366\225\364\213\276\133\232\124\214\154\064\117\115\176\277\166\204\116\247\165\037}{section.5.2}% 96
\BOOKMARK [2][]{subsection.5.2.3}{\376\377\0005\000.\0002\000.\0003\000\040\172\227\123\343\200\132\124\010\121\375\145\160\166\204\117\177\165\050}{section.5.2}% 97
\BOOKMARK [0][]{chapter.6}{\376\377\0006\000\040\131\004\164\006\121\375\145\160}{}% 98
\BOOKMARK [1][]{section.6.1}{\376\377\0006\000.\0001\000\040\000K\000e\000y\000e\000d\000P\000r\000o\000c\000e\000s\000s\000F\000u\000n\000c\000t\000i\000o\000n\166\204\117\177\165\050}{chapter.6}% 99
\BOOKMARK [1][]{section.6.2}{\376\377\0006\000.\0002\000\040\000C\000o\000P\000r\000o\000c\000e\000s\000s\000F\000u\000n\000c\000t\000i\000o\000n\166\204\117\177\165\050}{chapter.6}% 100
\BOOKMARK [1][]{section.6.3}{\376\377\0006\000.\0003\000\040\127\372\116\216\145\366\225\364\166\204\123\314\155\101\000J\000o\000i\000n}{chapter.6}% 101
\BOOKMARK [2][]{subsection.6.3.1}{\376\377\0006\000.\0003\000.\0001\000\040\127\372\116\216\225\364\226\224\166\204\000J\000o\000i\000n}{section.6.3}% 102
\BOOKMARK [2][]{subsection.6.3.2}{\376\377\0006\000.\0003\000.\0002\000\040\127\372\116\216\172\227\123\343\166\204\000J\000o\000i\000n}{section.6.3}% 103
\BOOKMARK [1][]{section.6.4}{\376\377\0006\000.\0004\000\040\131\004\164\006\217\337\122\060\166\204\121\103\175\040}{chapter.6}% 104
\BOOKMARK [2][]{subsection.6.4.1}{\376\377\0006\000.\0004\000.\0001\000\040\142\233\137\003\217\337\122\060\121\103\175\040}{section.6.4}% 105
\BOOKMARK [2][]{subsection.6.4.2}{\376\377\0006\000.\0004\000.\0002\000\040\221\315\133\232\124\021\217\337\122\060\121\103\175\040}{section.6.4}% 106
\BOOKMARK [2][]{subsection.6.4.3}{\376\377\0006\000.\0004\000.\0003\000\040\117\177\165\050\217\337\122\060\121\103\175\040\146\364\145\260\172\227\123\343\213\241\173\227\176\323\147\234}{section.6.4}% 107
\BOOKMARK [0][]{chapter.7}{\376\377\0007\000\040\147\011\162\266\140\001\173\227\133\120\124\214\136\224\165\050}{}% 108
\BOOKMARK [1][]{section.7.1}{\376\377\0007\000.\0001\000\040\133\236\163\260\147\011\162\266\140\001\166\204\165\050\142\067\201\352\133\232\116\111\121\375\145\160}{chapter.7}% 109
\BOOKMARK [1][]{section.7.2}{\376\377\0007\000.\0002\000\040\162\266\140\001\124\016\172\357}{chapter.7}% 110
\BOOKMARK [2][]{subsection.7.2.1}{\376\377\0007\000.\0002\000.\0001\000\040\220\011\142\351\116\000\116\052\162\266\140\001\124\016\172\357}{section.7.2}% 111
\BOOKMARK [2][]{subsection.7.2.2}{\376\377\0007\000.\0002\000.\0002\000\040\226\062\153\142\162\266\140\001\154\304\227\062}{section.7.2}% 112
\BOOKMARK [2][]{subsection.7.2.3}{\376\377\0007\000.\0002\000.\0003\000\040\221\115\177\156\150\300\147\345\160\271}{section.7.2}% 113
\BOOKMARK [0][]{chapter.8}{\376\377\0008\000\040\213\373\121\231\131\026\220\350\174\373\176\337}{}% 114
\BOOKMARK [1][]{section.8.1}{\376\377\0008\000.\0001\000\040\136\224\165\050\166\204\116\000\201\364\140\047\117\335\213\301}{chapter.8}% 115
\BOOKMARK [2][]{subsection.8.1.1}{\376\377\0008\000.\0001\000.\0001\000\040\136\102\173\111\140\047\121\231\121\145}{section.8.1}% 116
\BOOKMARK [2][]{subsection.8.1.2}{\376\377\0008\000.\0001\000.\0002\000\040\116\213\122\241\140\047\121\231\121\145}{section.8.1}% 117
\BOOKMARK [2][]{subsection.8.1.3}{\376\377\0008\000.\0001\000.\0003\000\040\000F\000l\000i\000n\000k\143\320\117\233\166\204\217\336\143\245\126\150}{section.8.1}% 118
\BOOKMARK [2][]{subsection.8.1.4}{\376\377\0008\000.\0001\000.\0004\000\040\000A\000p\000a\000c\000h\000e\000\040\000K\000a\000f\000k\000a\000\040\000S\000o\000u\000r\000c\000e\217\336\143\245\126\150}{section.8.1}% 119
\BOOKMARK [2][]{subsection.8.1.5}{\376\377\0008\000.\0001\000.\0005\000\040\000A\000p\000a\000c\000h\000e\000\040\000K\000a\000f\000k\000a\000\040\000S\000i\000n\000k\217\336\143\245\126\150}{section.8.1}% 120
\BOOKMARK [2][]{subsection.8.1.6}{\376\377\0008\000.\0001\000.\0006\000\040\000K\000a\000k\000f\000a\000\040\000S\000i\000n\000k\166\204\000a\000t\000-\000l\000e\000a\000s\000t\000-\000o\000n\000c\000e\117\335\213\301}{section.8.1}% 121
\BOOKMARK [2][]{subsection.8.1.7}{\376\377\0008\000.\0001\000.\0007\000\040\000K\000a\000f\000k\000a\000\040\000S\000i\000n\000k\166\204\140\160\131\175\131\004\164\006\116\000\153\041\213\355\116\111\117\335\213\301}{section.8.1}% 122
\BOOKMARK [2][]{subsection.8.1.8}{\376\377\0008\000.\0001\000.\0008\000\040\000R\000e\000d\000i\000s\000\040\000S\000i\000n\000k\217\336\143\245\126\150}{section.8.1}% 123
\BOOKMARK [2][]{subsection.8.1.9}{\376\377\0008\000.\0001\000.\0009\000\040\000E\000l\000a\000s\000t\000i\000c\000S\000e\000a\000r\000c\000h\000\040\000S\000i\000n\000k\217\336\143\245\126\150}{section.8.1}% 124
\BOOKMARK [1][]{section.8.2}{\376\377\0008\000.\0002\000\040\133\236\163\260\201\352\133\232\116\111\156\220\121\375\145\160}{chapter.8}% 125
\BOOKMARK [2][]{subsection.8.2.1}{\376\377\0008\000.\0002\000.\0001\000\040\123\357\221\315\177\156\166\204\156\220\121\375\145\160}{section.8.2}% 126
\BOOKMARK [1][]{section.8.3}{\376\377\0008\000.\0003\000\040\133\236\163\260\201\352\133\232\116\111\000s\000i\000n\000k\121\375\145\160}{chapter.8}% 127
\BOOKMARK [2][]{subsection.8.3.1}{\376\377\0008\000.\0003\000.\0001\000\040\136\102\173\111\000s\000i\000n\000k\217\336\143\245\126\150}{section.8.3}% 128
\BOOKMARK [2][]{subsection.8.3.2}{\376\377\0008\000.\0003\000.\0002\000\040\116\213\122\241\140\047\000s\000i\000n\000k\217\336\143\245\126\150}{section.8.3}% 129
\BOOKMARK [0][]{chapter.9}{\376\377\0009\000\040\144\055\136\372\000F\000l\000i\000n\000k\217\320\210\114\155\101\137\017\136\224\165\050}{}% 130
\BOOKMARK [1][]{section.9.1}{\376\377\0009\000.\0001\000\040\162\354\172\313\226\306\177\244\220\350\177\162}{chapter.9}% 131
\BOOKMARK [1][]{section.9.2}{\376\377\0009\000.\0002\000\040\000Y\000A\000R\000N\220\350\177\162}{chapter.9}% 132
\BOOKMARK [1][]{section.9.3}{\376\377\0009\000.\0003\000\040\232\330\123\357\165\050\220\350\177\162}{chapter.9}% 133
\BOOKMARK [1][]{section.9.4}{\376\377\0009\000.\0004\000\040\000\040\117\335\133\130\160\271\144\315\117\134}{chapter.9}% 134
\BOOKMARK [1][]{section.9.5}{\376\377\0009\000.\0005\000\040\123\326\155\210\116\000\116\052\136\224\165\050}{chapter.9}% 135
\BOOKMARK [1][]{section.9.6}{\376\377\0009\000.\0006\000\040\142\151\133\271\377\014\145\071\123\330\136\166\210\114\136\246\144\315\117\134}{chapter.9}% 136
\BOOKMARK [0][]{chapter.10}{\376\377\0001\0000\000\040\000F\000l\000i\000n\000k\000\040\000C\000E\000P\173\200\116\313}{}% 137
\BOOKMARK [1][]{section.10.1}{\376\377\0001\0000\000.\0001\000\040\162\266\140\001\147\072\133\236\163\260\217\336\176\355\116\011\153\041\166\173\137\125\131\061\215\045}{chapter.10}% 138
\BOOKMARK [0][]{chapter.11}{\376\377\0001\0001\000\040\000F\000l\000i\000n\000k\000\040\000S\000Q\000L}{}% 139
\BOOKMARK [1][]{section.11.1}{\376\377\0001\0001\000.\0001\000\040\227\000\211\201\137\025\121\145\166\204\117\235\215\126}{chapter.11}% 140
\BOOKMARK [1][]{section.11.2}{\376\377\0001\0001\000.\0002\000\040\122\250\140\001\210\150}{chapter.11}% 141
\BOOKMARK [1][]{section.11.3}{\376\377\0001\0001\000.\0003\000\040\122\250\140\001\210\150\000\040\000\046\000\040\217\336\176\355\147\345\213\342\000\050\000C\000o\000n\000t\000i\000n\000u\000o\000u\000s\000\040\000Q\000u\000e\000r\000y\000\051}{chapter.11}% 142
\BOOKMARK [2][]{subsection.11.3.1}{\376\377\0001\0001\000.\0003\000.\0001\000\040\127\050\155\101\116\012\133\232\116\111\210\150}{section.11.3}% 143
\BOOKMARK [2][]{subsection.11.3.2}{\376\377\0001\0001\000.\0003\000.\0002\000\040\217\336\176\355\147\345\213\342}{section.11.3}% 144
\BOOKMARK [2][]{subsection.11.3.3}{\376\377\0001\0001\000.\0003\000.\0003\000\040\146\364\145\260\124\214\217\375\122\240\147\345\213\342}{section.11.3}% 145
\BOOKMARK [2][]{subsection.11.3.4}{\376\377\0001\0001\000.\0003\000.\0004\000\040\147\345\213\342\226\120\122\066}{section.11.3}% 146
\BOOKMARK [2][]{subsection.11.3.5}{\376\377\0001\0001\000.\0003\000.\0005\000\040\210\150\122\060\155\101\166\204\217\154\143\142}{section.11.3}% 147
\BOOKMARK [1][]{section.11.4}{\376\377\0001\0001\000.\0004\000\040\000F\000l\000i\000n\000k\000\040\000S\000Q\000L\166\204\117\177\165\050\145\271\154\325}{chapter.11}% 148
\BOOKMARK [2][]{subsection.11.4.1}{\376\377\0001\0001\000.\0004\000.\0001\000\040\134\006\145\160\143\156\156\220\217\154\143\142\142\020\122\250\140\001\210\150}{section.11.4}% 149
\BOOKMARK [2][]{subsection.11.4.2}{\376\377\0001\0001\000.\0004\000.\0002\000\040\145\366\225\364\134\136\140\047\124\214\172\227\123\343}{section.11.4}% 150
\BOOKMARK [2][]{subsection.11.4.3}{\376\377\0001\0001\000.\0004\000.\0003\000\040\000O\000V\000E\000R\200\132\124\010}{section.11.4}% 151
\BOOKMARK [2][]{subsection.11.4.4}{\376\377\0001\0001\000.\0004\000.\0004\000\040\200\124\176\323\147\345\213\342}{section.11.4}% 152
\BOOKMARK [1][]{section.11.5}{\376\377\0001\0001\000.\0005\000\040\117\177\165\050\000D\000D\000L\166\204\145\271\137\017\147\145\177\026\121\231\000F\000l\000i\000n\000k\000\040\000S\000Q\000L}{chapter.11}% 153
\BOOKMARK [2][]{subsection.11.5.1}{\376\377\0001\0001\000.\0005\000.\0001\000\040\137\353\220\037\116\012\142\113}{section.11.5}% 154
\BOOKMARK [2][]{subsection.11.5.2}{\376\377\0001\0001\000.\0005\000.\0002\000\040\145\366\225\364\134\136\140\047}{section.11.5}% 155
\BOOKMARK [2][]{subsection.11.5.3}{\376\377\0001\0001\000.\0005\000.\0003\000\040\217\336\143\245\126\150}{section.11.5}% 156
\BOOKMARK [0][]{chapter.12}{\376\377\0001\0002\000\040\150\110\117\213\226\306}{}% 157
\BOOKMARK [1][]{section.12.1}{\376\377\0001\0002\000.\0001\000\040\145\160\143\156\120\076\145\234\131\202\117\125\211\343\121\263}{chapter.12}% 158
\BOOKMARK [1][]{section.12.2}{\376\377\0001\0002\000.\0002\000\040\162\354\172\313\213\277\133\242\213\241\173\227}{chapter.12}% 159
\BOOKMARK [2][]{subsection.12.2.1}{\376\377\0001\0002\000.\0002\000.\0001\000\040\123\237\131\313\162\110}{section.12.2}% 160
\BOOKMARK [2][]{subsection.12.2.2}{\376\377\0001\0002\000.\0002\000.\0002\000\040\145\071\217\333\162\110}{section.12.2}% 161
\BOOKMARK [2][]{subsection.12.2.3}{\376\377\0001\0002\000.\0002\000.\0003\000\040\136\003\226\206\217\307\156\344\126\150\164\006\213\272}{section.12.2}% 162
\BOOKMARK [2][]{subsection.12.2.4}{\376\377\0001\0002\000.\0002\000.\0004\000\040\136\003\226\206\217\307\156\344\126\150\162\110}{section.12.2}% 163
\BOOKMARK [1][]{section.12.3}{\376\377\0001\0002\000.\0003\000\040\213\242\123\125\215\205\145\366\150\300\155\113}{chapter.12}% 164
\BOOKMARK [1][]{section.12.4}{\376\377\0001\0002\000.\0004\000\040\133\236\145\366\133\371\136\020}{chapter.12}% 165
\BOOKMARK [1][]{section.12.5}{\376\377\0001\0002\000.\0005\000\040\133\236\145\366\160\355\225\350\125\106\124\301}{chapter.12}% 166
\BOOKMARK [2][]{subsection.12.5.1}{\376\377\0001\0002\000.\0005\000.\0001\000\040\133\236\163\260\140\035\215\357}{section.12.5}% 167
\BOOKMARK [2][]{subsection.12.5.2}{\376\377\0001\0002\000.\0005\000.\0002\000\040\136\225\134\102\000A\000P\000I\133\236\163\260\145\271\137\017}{section.12.5}% 168
\BOOKMARK [2][]{subsection.12.5.3}{\376\377\0001\0002\000.\0005\000.\0003\000\040\000F\000l\000i\000n\000k\000\040\000S\000Q\000L\133\236\163\260\145\271\137\017}{section.12.5}% 169
\BOOKMARK [0][]{appendix.A}{\376\377\000A\000\040\220\073\217\221\145\366\224\237\000\040\000-\000\040\131\202\117\125\122\073\165\073\122\006\136\003\137\017\116\055\166\204\116\213\116\366\230\172\136\217}{}% 170
\BOOKMARK [1][]{section.A.1}{\376\377\000A\000.\0001\000\040\131\202\117\125\170\156\133\232\122\006\136\003\137\017\174\373\176\337\116\055\116\213\116\366\166\204\123\321\165\037\230\172\136\217\377\037}{appendix.A}% 171
\BOOKMARK [1][]{section.A.2}{\376\377\000A\000.\0002\000\040\121\150\134\100\162\151\164\006\145\366\224\237}{appendix.A}% 172
\BOOKMARK [1][]{section.A.3}{\376\377\000A\000.\0003\000\040\121\150\136\217\124\214\120\117\136\217}{appendix.A}% 173
\BOOKMARK [1][]{section.A.4}{\376\377\000A\000.\0004\000\040\116\213\116\366\121\110\124\016\166\204\166\370\133\371\140\047}{appendix.A}% 174
\BOOKMARK [1][]{section.A.5}{\376\377\000A\000.\0005\000\040\220\073\217\221\145\366\224\237\000\050\000L\000a\000m\000p\000o\000r\000t\040\031\000s\000\040\000T\000i\000m\000e\000s\000t\000a\000m\000p\000\051}{appendix.A}% 175
\BOOKMARK [1][]{section.A.6}{\376\377\000A\000.\0006\000\040\124\021\221\317\145\366\224\237\000\040\000\050\000V\000e\000c\000t\000o\000r\000\040\000C\000l\000o\000c\000k\000s\000\051}{appendix.A}% 176
\BOOKMARK [1][]{section.A.7}{\376\377\000A\000.\0007\000\040\124\021\221\317\145\366\224\237\167\013\122\115\227\142\166\204\225\356\230\230}{appendix.A}% 177
\BOOKMARK [1][]{section.A.8}{\376\377\000A\000.\0008\000\040\124\021\221\317\145\366\224\237\166\204\116\015\215\263}{appendix.A}% 178
\BOOKMARK [1][]{section.A.9}{\376\377\000A\000.\0009\000\040\140\073\176\323\116\016\141\037\140\363}{appendix.A}% 179
